t=1
----------
1 -> 0
2 -> 0
3 -> 11,1,[6/12]
4 -> 0
5 -> 2,[6/12]
6 -> 0
7 -> 0
8 -> 0
9 -> 0
10 -> 0
11 -> 0
t=2
----------
1 -> 0
2 -> 0
3 -> 0
4 -> 1,[4/12]
5 -> 0
6 -> 0
7 -> 0
8 -> 0
9 -> 0
10 -> 11,2,[6/10]
11 -> 0
t=3
----------
1 -> 0
2 -> 0
3 -> 0
4 -> 11,[4/12]
5 -> 0
6 -> 0
7 -> 0
8 -> 2,1,[5/10]
9 -> 0
10 -> 0
11 -> 0
t=4
----------
1 -> 0
2 -> 0
3 -> 0
4 -> 0
5 -> 0
6 -> 1,[6/12]
7 -> 11,[6/12]
8 -> 0
9 -> 2,[4/10]
10 -> 0
11 -> 0
t=5
----------
1 -> 0
2 -> 0
3 -> 0
4 -> 0
5 -> 11,[6/12]
6 -> 2,[6/12]
7 -> 0
8 -> 0
9 -> 0
10 -> 1,[4/10]
11 -> 0
La cantidad de yates anfitriones óptimos es: 8
Tiempo de ejecución: 0.000000 [s]
