t=1
----------
1 -> 0
2 -> 0
3 -> 0
4 -> 1,[4/12]
5 -> 0
6 -> 0
7 -> 9,2,[8/12]
8 -> 0
9 -> 0
t=2
----------
1 -> 0
2 -> 0
3 -> 2,1,[6/12]
4 -> 9,[4/12]
5 -> 0
6 -> 0
7 -> 0
8 -> 0
9 -> 0
t=3
----------
1 -> 0
2 -> 0
3 -> 9,[4/12]
4 -> 2,[4/12]
5 -> 1,[6/12]
6 -> 0
7 -> 0
8 -> 0
9 -> 0
t=4
----------
1 -> 0
2 -> 0
3 -> 0
4 -> 0
5 -> 2,[6/12]
6 -> 0
7 -> 0
8 -> 9,1,[5/10]
9 -> 0
t=5
----------
1 -> 0
2 -> 0
3 -> 0
4 -> 0
5 -> 9,[6/12]
6 -> 1,[6/12]
7 -> 0
8 -> 2,[3/10]
9 -> 0
La cantidad de yates anfitriones óptimos es: 6
Tiempo de ejecución: 36.000000 [s]
