t=1
----------
1 -> 0
2 -> 0
3 -> 10,2,[6/12]
4 -> 0
5 -> 0
6 -> 0
7 -> 0
8 -> 1,[3/10]
9 -> 0
10 -> 0
t=2
----------
1 -> 0
2 -> 0
3 -> 0
4 -> 2,[4/12]
5 -> 10,1,[8/12]
6 -> 0
7 -> 0
8 -> 0
9 -> 0
10 -> 0
t=3
----------
1 -> 0
2 -> 0
3 -> 1,[4/12]
4 -> 0
5 -> 0
6 -> 0
7 -> 2,[6/12]
8 -> 0
9 -> 10,[4/10]
10 -> 0
t=4
----------
1 -> 0
2 -> 0
3 -> 0
4 -> 10,[4/12]
5 -> 0
6 -> 2,1,[8/12]
7 -> 0
8 -> 0
9 -> 0
10 -> 0
t=5
----------
1 -> 0
2 -> 0
3 -> 0
4 -> 0
5 -> 2,[6/12]
6 -> 0
7 -> 1,[6/12]
8 -> 10,[3/10]
9 -> 0
10 -> 0
La cantidad de yates anfitriones óptimos es: 7
Tiempo de ejecución: 78.000000 [s]
