t=1
----------
1 -> 0
2 -> 0
3 -> 1,[4/12]
4 -> 0
5 -> 0
6 -> 0
7 -> 0
t=2
----------
1 -> 0
2 -> 0
3 -> 0
4 -> 1,[4/12]
5 -> 0
6 -> 0
7 -> 0
t=3
----------
1 -> 0
2 -> 0
3 -> 0
4 -> 0
5 -> 1,[6/12]
6 -> 0
7 -> 0
t=4
----------
1 -> 0
2 -> 0
3 -> 0
4 -> 0
5 -> 0
6 -> 0
7 -> 1,[6/12]
t=5
----------
1 -> 0
2 -> 1,[4/8]
3 -> 0
4 -> 0
5 -> 0
6 -> 0
7 -> 0
t=6
----------
1 -> 0
2 -> 0
3 -> 0
4 -> 0
5 -> 0
6 -> 1,[6/12]
7 -> 0
La cantidad de yates anfitriones óptimos es: 6
Tiempo de ejecución: 44.000000 [s]
