t=1
----------
1 -> 0
2 -> 0
3 -> 2,[4/12]
4 -> 0
5 -> 0
6 -> 0
7 -> 0
8 -> 1,[3/10]
t=2
----------
1 -> 0
2 -> 0
3 -> 0
4 -> 1,[4/12]
5 -> 0
6 -> 0
7 -> 0
8 -> 2,[3/10]
t=3
----------
1 -> 0
2 -> 0
3 -> 0
4 -> 0
5 -> 1,[6/12]
6 -> 2,[6/12]
7 -> 0
8 -> 0
t=4
----------
1 -> 0
2 -> 0
3 -> 0
4 -> 0
5 -> 0
6 -> 0
7 -> 2,1,[8/12]
8 -> 0
t=5
----------
1 -> 0
2 -> 0
3 -> 1,[4/12]
4 -> 0
5 -> 2,[6/12]
6 -> 0
7 -> 0
8 -> 0
t=6
----------
1 -> 0
2 -> 0
3 -> 0
4 -> 2,[4/12]
5 -> 0
6 -> 1,[6/12]
7 -> 0
8 -> 0
La cantidad de yates anfitriones óptimos es: 6
Tiempo de ejecución: 82.000000 [s]
