t=1
----------
1 -> 0
2 -> 0
3 -> 12,1,13,[11/12]
4 -> 0
5 -> 2,[6/12]
6 -> 0
7 -> 0
8 -> 11,[3/10]
9 -> 0
10 -> 0
11 -> 0
12 -> 0
13 -> 0
t=2
----------
1 -> 0
2 -> 0
3 -> 0
4 -> 11,2,[6/12]
5 -> 13,[8/12]
6 -> 1,[6/12]
7 -> 0
8 -> 12,[4/10]
9 -> 0
10 -> 0
11 -> 0
12 -> 0
13 -> 0
t=3
----------
1 -> 0
2 -> 0
3 -> 0
4 -> 0
5 -> 0
6 -> 11,12,[9/12]
7 -> 13,[8/12]
8 -> 0
9 -> 2,1,[6/10]
10 -> 0
11 -> 0
12 -> 0
13 -> 0
t=4
----------
1 -> 0
2 -> 0
3 -> 0
4 -> 0
5 -> 0
6 -> 0
7 -> 12,2,[9/12]
8 -> 1,[3/10]
9 -> 11,13,[8/10]
10 -> 0
11 -> 0
12 -> 0
13 -> 0
t=5
----------
1 -> 0
2 -> 0
3 -> 0
4 -> 0
5 -> 11,1,[8/12]
6 -> 0
7 -> 0
8 -> 2,13,[7/10]
9 -> 12,[5/10]
10 -> 0
11 -> 0
12 -> 0
13 -> 0
La cantidad de yates anfitriones óptimos es: 8
Tiempo de ejecución: 467.000000 [s]
