t=1
----------
1 -> 0
2 -> 0
3 -> 11,2,[6/12]
4 -> 1,[4/12]
5 -> 0
6 -> 0
7 -> 0
8 -> 12,[4/10]
9 -> 0
10 -> 0
11 -> 0
12 -> 0
t=2
----------
1 -> 0
2 -> 0
3 -> 0
4 -> 11,[4/12]
5 -> 0
6 -> 0
7 -> 12,[7/12]
8 -> 2,1,[5/10]
9 -> 0
10 -> 0
11 -> 0
12 -> 0
t=3
----------
1 -> 0
2 -> 0
3 -> 0
4 -> 0
5 -> 1,[6/12]
6 -> 12,[7/12]
7 -> 0
8 -> 11,[3/10]
9 -> 2,[4/10]
10 -> 0
11 -> 0
12 -> 0
t=4
----------
1 -> 0
2 -> 0
3 -> 1,[4/12]
4 -> 12,2,[7/12]
5 -> 11,[6/12]
6 -> 0
7 -> 0
8 -> 0
9 -> 0
10 -> 0
11 -> 0
12 -> 0
t=5
----------
1 -> 0
2 -> 0
3 -> 0
4 -> 0
5 -> 0
6 -> 2,[6/12]
7 -> 0
8 -> 0
9 -> 11,12,1,[9/10]
10 -> 0
11 -> 0
12 -> 0
La cantidad de yates anfitriones óptimos es: 8
Tiempo de ejecución: 261.000000 [s]
