t=1
----------
1 -> 0
2 -> 0
3 -> 12,14,[7/12]
4 -> 0
5 -> 0
6 -> 1,[6/12]
7 -> 0
8 -> 2,13,[7/10]
9 -> 0
10 -> 0
11 -> 0
12 -> 0
13 -> 0
14 -> 0
t=2
----------
1 -> 0
2 -> 0
3 -> 1,[4/12]
4 -> 12,13,[9/12]
5 -> 0
6 -> 2,14,[8/12]
7 -> 0
8 -> 0
9 -> 0
10 -> 0
11 -> 0
12 -> 0
13 -> 0
14 -> 0
t=3
----------
1 -> 0
2 -> 0
3 -> 2,[4/12]
4 -> 0
5 -> 14,1,[8/12]
6 -> 12,[7/12]
7 -> 0
8 -> 0
9 -> 13,[6/10]
10 -> 0
11 -> 0
12 -> 0
13 -> 0
14 -> 0
t=4
----------
1 -> 0
2 -> 0
3 -> 0
4 -> 0
5 -> 0
6 -> 0
7 -> 14,13,[10/12]
8 -> 0
9 -> 0
10 -> 0
11 -> 12,2,1,[9/10]
12 -> 0
13 -> 0
14 -> 0
t=5
----------
1 -> 0
2 -> 0
3 -> 0
4 -> 2,[4/12]
5 -> 12,[7/12]
6 -> 0
7 -> 0
8 -> 0
9 -> 0
10 -> 1,13,[8/10]
11 -> 14,[4/10]
12 -> 0
13 -> 0
14 -> 0
La cantidad de yates anfitriones óptimos es: 9
Tiempo de ejecución: 840.000000 [s]
