t=1
----------
1 -> 0
2 -> 0
3 -> 7,20,[46/12]
4 -> 2,12,[7/12]
5 -> 0
6 -> 0
7 -> 0
8 -> 0
9 -> 0
10 -> 0
11 -> 0
12 -> 0
13 -> 0
14 -> 34,35,19,14,16,6,41,40,39,37,[105/8]
15 -> 0
16 -> 0
17 -> 0
18 -> 15,42,[45/8]
19 -> 0
20 -> 0
21 -> 0
22 -> 0
23 -> 0
24 -> 0
25 -> 1,26,18,9,38,30,[60/7]
26 -> 25,3,8,5,28,[50/7]
27 -> 0
28 -> 0
29 -> 0
30 -> 0
31 -> 0
32 -> 0
33 -> 0
34 -> 10,11,[32/6]
35 -> 0
36 -> 0
37 -> 0
38 -> 0
39 -> 0
40 -> 0
41 -> 0
42 -> 0
t=2
----------
1 -> 0
2 -> 16,19,1,[14/8]
3 -> 4,2,14,13,35,[14/12]
4 -> 0
5 -> 0
6 -> 6,9,20,18,15,34,33,[21/12]
7 -> 21,[8/12]
8 -> 36,31,[5/10]
9 -> 0
10 -> 0
11 -> 7,29,[8/10]
12 -> 8,5,10,11,12,17,25,26,[21/10]
13 -> 0
14 -> 0
15 -> 0
16 -> 0
17 -> 0
18 -> 32,[4/8]
19 -> 0
20 -> 0
21 -> 0
22 -> 0
23 -> 0
24 -> 0
25 -> 0
26 -> 0
27 -> 0
28 -> 0
29 -> 0
30 -> 0
31 -> 0
32 -> 0
33 -> 0
34 -> 0
35 -> 0
36 -> 0
37 -> 0
38 -> 0
39 -> 0
40 -> 0
41 -> 0
42 -> 0
t=3
----------
1 -> 0
2 -> 0
3 -> 7,11,12,15,13,32,[20/12]
4 -> 5,2,18,29,[12/12]
5 -> 9,25,36,[10/12]
6 -> 8,[5/12]
7 -> 0
8 -> 1,31,[5/10]
9 -> 16,33,[10/10]
10 -> 0
11 -> 10,35,[6/10]
12 -> 0
13 -> 0
14 -> 0
15 -> 0
16 -> 0
17 -> 0
18 -> 4,20,17,14,26,19,21,34,[22/8]
19 -> 0
20 -> 6,[6/8]
21 -> 0
22 -> 0
23 -> 0
24 -> 0
25 -> 0
26 -> 0
27 -> 0
28 -> 0
29 -> 0
30 -> 0
31 -> 0
32 -> 0
33 -> 0
34 -> 0
35 -> 0
36 -> 0
37 -> 0
38 -> 0
39 -> 0
40 -> 0
41 -> 0
42 -> 0
t=4
----------
1 -> 0
2 -> 8,20,32,[7/8]
3 -> 16,[8/12]
4 -> 11,[4/12]
5 -> 4,31,[8/12]
6 -> 0
7 -> 12,[7/12]
8 -> 7,9,10,18,14,[13/10]
9 -> 17,1,35,[8/10]
10 -> 5,6,13,21,[18/10]
11 -> 2,15,26,36,[11/10]
12 -> 19,33,[9/10]
13 -> 0
14 -> 0
15 -> 0
16 -> 0
17 -> 0
18 -> 0
19 -> 0
20 -> 25,34,29,[8/8]
21 -> 0
22 -> 0
23 -> 0
24 -> 0
25 -> 0
26 -> 0
27 -> 0
28 -> 0
29 -> 0
30 -> 0
31 -> 0
32 -> 0
33 -> 0
34 -> 0
35 -> 0
36 -> 0
37 -> 0
38 -> 0
39 -> 0
40 -> 0
41 -> 0
42 -> 0
t=5
----------
1 -> 0
2 -> 7,17,36,[10/8]
3 -> 5,1,[8/12]
4 -> 12,34,[7/12]
5 -> 10,20,16,13,29,[20/12]
6 -> 14,[6/12]
7 -> 11,[6/12]
8 -> 2,25,21,33,[11/10]
9 -> 4,18,[6/10]
10 -> 0
11 -> 0
12 -> 6,26,35,32,[13/10]
13 -> 0
14 -> 0
15 -> 0
16 -> 0
17 -> 0
18 -> 0
19 -> 0
20 -> 8,9,15,19,31,[14/8]
21 -> 0
22 -> 0
23 -> 0
24 -> 0
25 -> 0
26 -> 0
27 -> 0
28 -> 0
29 -> 0
30 -> 0
31 -> 0
32 -> 0
33 -> 0
34 -> 0
35 -> 0
36 -> 0
37 -> 0
38 -> 0
39 -> 0
40 -> 0
41 -> 0
42 -> 0
t=6
----------
1 -> 0
2 -> 9,26,29,[8/8]
3 -> 6,17,[8/12]
4 -> 0
5 -> 0
6 -> 0
7 -> 10,33,[8/12]
8 -> 4,5,14,15,25,32,[16/10]
9 -> 0
10 -> 8,7,2,1,34,[13/10]
11 -> 13,19,36,[12/10]
12 -> 20,[5/10]
13 -> 0
14 -> 0
15 -> 0
16 -> 0
17 -> 0
18 -> 11,12,18,16,21,35,31,[23/8]
19 -> 0
20 -> 0
21 -> 0
22 -> 0
23 -> 0
24 -> 0
25 -> 0
26 -> 0
27 -> 0
28 -> 0
29 -> 0
30 -> 0
31 -> 0
32 -> 0
33 -> 0
34 -> 0
35 -> 0
36 -> 0
37 -> 0
38 -> 0
39 -> 0
40 -> 0
41 -> 0
42 -> 0
La cantidad de yates anfitriones óptimos es: 1
Tiempo de ejecución: 2104.000000 [s]
