t=1
----------
1 -> 0
2 -> 1,2,22,42,38,[71/8]
3 -> 0
4 -> 10,9,6,28,37,[19/12]
5 -> 0
6 -> 26,16,3,7,8,31,24,41,[64/12]
7 -> 11,[35/12]
8 -> 0
9 -> 0
10 -> 18,[31/10]
11 -> 0
12 -> 0
13 -> 0
14 -> 0
15 -> 0
16 -> 20,23,40,[66/12]
17 -> 0
18 -> 0
19 -> 0
20 -> 0
21 -> 0
22 -> 0
23 -> 0
24 -> 0
25 -> 0
26 -> 12,5,27,30,39,32,[82/7]
27 -> 0
28 -> 0
29 -> 0
30 -> 0
31 -> 0
32 -> 0
33 -> 0
34 -> 0
35 -> 0
36 -> 0
37 -> 0
38 -> 0
39 -> 0
40 -> 0
41 -> 0
42 -> 0
t=2
----------
1 -> 0
2 -> 0
3 -> 7,25,26,[10/12]
4 -> 0
5 -> 4,8,35,34,[11/12]
6 -> 6,2,20,17,1,33,29,[20/12]
7 -> 13,36,[10/12]
8 -> 0
9 -> 0
10 -> 9,18,15,21,[13/10]
11 -> 16,14,[10/10]
12 -> 5,10,11,12,19,31,[20/10]
13 -> 0
14 -> 0
15 -> 0
16 -> 0
17 -> 0
18 -> 0
19 -> 0
20 -> 32,[4/8]
21 -> 0
22 -> 0
23 -> 0
24 -> 0
25 -> 0
26 -> 0
27 -> 0
28 -> 0
29 -> 0
30 -> 0
31 -> 0
32 -> 0
33 -> 0
34 -> 0
35 -> 0
36 -> 0
37 -> 0
38 -> 0
39 -> 0
40 -> 0
41 -> 0
42 -> 0
t=3
----------
1 -> 0
2 -> 8,11,1,[7/8]
3 -> 17,15,[7/12]
4 -> 0
5 -> 0
6 -> 4,5,21,36,[16/12]
7 -> 7,19,34,32,[16/12]
8 -> 6,9,20,25,35,31,[15/10]
9 -> 10,18,14,[8/10]
10 -> 12,16,26,13,33,29,[21/10]
11 -> 0
12 -> 2,[5/10]
13 -> 0
14 -> 0
15 -> 0
16 -> 0
17 -> 0
18 -> 0
19 -> 0
20 -> 0
21 -> 0
22 -> 0
23 -> 0
24 -> 0
25 -> 0
26 -> 0
27 -> 0
28 -> 0
29 -> 0
30 -> 0
31 -> 0
32 -> 0
33 -> 0
34 -> 0
35 -> 0
36 -> 0
37 -> 0
38 -> 0
39 -> 0
40 -> 0
41 -> 0
42 -> 0
t=4
----------
1 -> 0
2 -> 14,26,19,1,35,[14/8]
3 -> 6,10,20,16,21,[20/12]
4 -> 0
5 -> 5,7,18,33,32,[18/12]
6 -> 8,9,12,[10/12]
7 -> 0
8 -> 0
9 -> 17,13,[8/10]
10 -> 2,[4/10]
11 -> 11,15,25,36,34,29,[15/10]
12 -> 4,[5/10]
13 -> 0
14 -> 0
15 -> 0
16 -> 0
17 -> 0
18 -> 31,[4/8]
19 -> 0
20 -> 0
21 -> 0
22 -> 0
23 -> 0
24 -> 0
25 -> 0
26 -> 0
27 -> 0
28 -> 0
29 -> 0
30 -> 0
31 -> 0
32 -> 0
33 -> 0
34 -> 0
35 -> 0
36 -> 0
37 -> 0
38 -> 0
39 -> 0
40 -> 0
41 -> 0
42 -> 0
t=5
----------
1 -> 0
2 -> 17,[4/8]
3 -> 0
4 -> 10,13,34,[10/12]
5 -> 1,36,[8/12]
6 -> 15,19,33,[13/12]
7 -> 12,14,25,21,[15/12]
8 -> 0
9 -> 4,7,9,11,2,16,32,31,[24/10]
10 -> 0
11 -> 20,[4/10]
12 -> 8,[4/10]
13 -> 0
14 -> 0
15 -> 0
16 -> 0
17 -> 0
18 -> 6,18,26,[10/8]
19 -> 0
20 -> 5,35,29,[10/8]
21 -> 0
22 -> 0
23 -> 0
24 -> 0
25 -> 0
26 -> 0
27 -> 0
28 -> 0
29 -> 0
30 -> 0
31 -> 0
32 -> 0
33 -> 0
34 -> 0
35 -> 0
36 -> 0
37 -> 0
38 -> 0
39 -> 0
40 -> 0
41 -> 0
42 -> 0
t=6
----------
1 -> 0
2 -> 21,29,32,[10/8]
3 -> 5,9,1,34,[12/12]
4 -> 8,18,17,16,25,19,[19/12]
5 -> 0
6 -> 11,13,35,[12/12]
7 -> 10,2,15,26,[13/12]
8 -> 14,36,33,31,[9/10]
9 -> 0
10 -> 0
11 -> 0
12 -> 0
13 -> 0
14 -> 0
15 -> 0
16 -> 0
17 -> 0
18 -> 0
19 -> 0
20 -> 4,6,7,12,20,[17/8]
21 -> 0
22 -> 0
23 -> 0
24 -> 0
25 -> 0
26 -> 0
27 -> 0
28 -> 0
29 -> 0
30 -> 0
31 -> 0
32 -> 0
33 -> 0
34 -> 0
35 -> 0
36 -> 0
37 -> 0
38 -> 0
39 -> 0
40 -> 0
41 -> 0
42 -> 0
La cantidad de yates anfitriones óptimos es: 1
Tiempo de ejecución: 2312.000000 [s]
