t=1
----------
1 -> 0
2 -> 16,10,6,30,36,37,41,[27/8]
3 -> 12,29,33,[47/12]
4 -> 4,28,[42/12]
5 -> 0
6 -> 5,32,27,[31/12]
7 -> 0
8 -> 38,[56/10]
9 -> 9,8,31,26,[44/10]
10 -> 1,7,42,34,39,[68/10]
11 -> 3,[31/10]
12 -> 35,40,[66/10]
13 -> 0
14 -> 0
15 -> 0
16 -> 11,[55/12]
17 -> 0
18 -> 0
19 -> 0
20 -> 0
21 -> 0
22 -> 0
23 -> 0
24 -> 0
25 -> 0
26 -> 0
27 -> 0
28 -> 0
29 -> 0
30 -> 0
31 -> 0
32 -> 0
33 -> 0
34 -> 0
35 -> 0
36 -> 0
37 -> 0
38 -> 0
39 -> 0
40 -> 0
41 -> 0
42 -> 0
t=2
----------
1 -> 0
2 -> 12,25,31,[9/8]
3 -> 15,[5/12]
4 -> 4,7,9,20,13,19,36,32,[24/12]
5 -> 0
6 -> 33,[6/12]
7 -> 18,[6/12]
8 -> 0
9 -> 8,5,[7/10]
10 -> 6,10,11,14,21,34,29,[20/10]
11 -> 2,1,[6/10]
12 -> 0
13 -> 0
14 -> 0
15 -> 0
16 -> 0
17 -> 0
18 -> 17,16,26,[12/8]
19 -> 0
20 -> 35,[4/8]
21 -> 0
22 -> 0
23 -> 0
24 -> 0
25 -> 0
26 -> 0
27 -> 0
28 -> 0
29 -> 0
30 -> 0
31 -> 0
32 -> 0
33 -> 0
34 -> 0
35 -> 0
36 -> 0
37 -> 0
38 -> 0
39 -> 0
40 -> 0
41 -> 0
42 -> 0
t=3
----------
1 -> 0
2 -> 11,18,16,19,[16/8]
3 -> 32,[4/12]
4 -> 2,[4/12]
5 -> 36,31,[8/12]
6 -> 4,10,[8/12]
7 -> 0
8 -> 5,9,12,20,17,21,34,[20/10]
9 -> 6,13,[10/10]
10 -> 8,7,15,25,26,1,29,[18/10]
11 -> 14,35,33,[8/10]
12 -> 0
13 -> 0
14 -> 0
15 -> 0
16 -> 0
17 -> 0
18 -> 0
19 -> 0
20 -> 0
21 -> 0
22 -> 0
23 -> 0
24 -> 0
25 -> 0
26 -> 0
27 -> 0
28 -> 0
29 -> 0
30 -> 0
31 -> 0
32 -> 0
33 -> 0
34 -> 0
35 -> 0
36 -> 0
37 -> 0
38 -> 0
39 -> 0
40 -> 0
41 -> 0
42 -> 0
t=4
----------
1 -> 0
2 -> 9,1,35,[8/8]
3 -> 10,17,25,36,[10/12]
4 -> 0
5 -> 0
6 -> 0
7 -> 12,14,15,13,19,[20/12]
8 -> 4,8,6,2,20,18,26,34,33,31,[22/10]
9 -> 16,29,[10/10]
10 -> 0
11 -> 21,[6/10]
12 -> 0
13 -> 0
14 -> 0
15 -> 0
16 -> 0
17 -> 0
18 -> 32,[4/8]
19 -> 0
20 -> 5,7,11,[12/8]
21 -> 0
22 -> 0
23 -> 0
24 -> 0
25 -> 0
26 -> 0
27 -> 0
28 -> 0
29 -> 0
30 -> 0
31 -> 0
32 -> 0
33 -> 0
34 -> 0
35 -> 0
36 -> 0
37 -> 0
38 -> 0
39 -> 0
40 -> 0
41 -> 0
42 -> 0
t=5
----------
1 -> 0
2 -> 4,[4/8]
3 -> 26,[4/12]
4 -> 21,[6/12]
5 -> 5,6,12,18,15,36,35,29,32,[28/12]
6 -> 0
7 -> 25,13,34,[12/12]
8 -> 1,[3/10]
9 -> 7,2,17,[10/10]
10 -> 20,[4/10]
11 -> 11,31,[6/10]
12 -> 0
13 -> 0
14 -> 0
15 -> 0
16 -> 0
17 -> 0
18 -> 10,19,33,[10/8]
19 -> 0
20 -> 8,9,16,14,[13/8]
21 -> 0
22 -> 0
23 -> 0
24 -> 0
25 -> 0
26 -> 0
27 -> 0
28 -> 0
29 -> 0
30 -> 0
31 -> 0
32 -> 0
33 -> 0
34 -> 0
35 -> 0
36 -> 0
37 -> 0
38 -> 0
39 -> 0
40 -> 0
41 -> 0
42 -> 0
t=6
----------
1 -> 0
2 -> 15,33,[7/8]
3 -> 20,[4/12]
4 -> 18,17,14,1,31,[12/12]
5 -> 5,10,2,16,13,[22/12]
6 -> 11,12,26,36,[13/12]
7 -> 8,21,32,[11/12]
8 -> 0
9 -> 0
10 -> 4,[4/10]
11 -> 6,9,25,[10/10]
12 -> 19,29,[9/10]
13 -> 0
14 -> 0
15 -> 0
16 -> 0
17 -> 0
18 -> 7,35,34,[10/8]
19 -> 0
20 -> 0
21 -> 0
22 -> 0
23 -> 0
24 -> 0
25 -> 0
26 -> 0
27 -> 0
28 -> 0
29 -> 0
30 -> 0
31 -> 0
32 -> 0
33 -> 0
34 -> 0
35 -> 0
36 -> 0
37 -> 0
38 -> 0
39 -> 0
40 -> 0
41 -> 0
42 -> 0
La cantidad de yates anfitriones óptimos es: 1
Tiempo de ejecución: 2440.000000 [s]
