t=1
----------
1 -> 0
2 -> 28,[32/8]
3 -> 22,[49/12]
4 -> 0
5 -> 0
6 -> 0
7 -> 0
8 -> 0
9 -> 9,[37/10]
10 -> 0
11 -> 0
12 -> 0
13 -> 0
14 -> 0
15 -> 0
16 -> 27,39,[64/12]
17 -> 0
18 -> 34,24,40,[35/8]
19 -> 0
20 -> 4,30,38,[13/8]
21 -> 0
22 -> 0
23 -> 0
24 -> 0
25 -> 0
26 -> 1,35,26,16,3,18,2,12,11,10,7,6,5,8,42,23,37,41,[132/7]
27 -> 0
28 -> 0
29 -> 0
30 -> 0
31 -> 0
32 -> 0
33 -> 0
34 -> 0
35 -> 0
36 -> 0
37 -> 0
38 -> 0
39 -> 0
40 -> 0
41 -> 0
42 -> 0
t=2
----------
1 -> 0
2 -> 16,[8/8]
3 -> 1,35,[6/12]
4 -> 33,31,[6/12]
5 -> 34,[6/12]
6 -> 2,[6/12]
7 -> 8,12,18,14,26,21,36,[20/12]
8 -> 6,[5/10]
9 -> 7,17,29,[10/10]
10 -> 4,[4/10]
11 -> 20,[4/10]
12 -> 9,[5/10]
13 -> 0
14 -> 0
15 -> 0
16 -> 0
17 -> 0
18 -> 5,11,15,19,[15/8]
19 -> 0
20 -> 10,25,13,32,[12/8]
21 -> 0
22 -> 0
23 -> 0
24 -> 0
25 -> 0
26 -> 0
27 -> 0
28 -> 0
29 -> 0
30 -> 0
31 -> 0
32 -> 0
33 -> 0
34 -> 0
35 -> 0
36 -> 0
37 -> 0
38 -> 0
39 -> 0
40 -> 0
41 -> 0
42 -> 0
t=3
----------
1 -> 0
2 -> 9,[4/8]
3 -> 5,2,26,34,29,31,[16/12]
4 -> 10,[4/12]
5 -> 8,[5/12]
6 -> 7,21,[12/12]
7 -> 1,[6/12]
8 -> 12,[4/10]
9 -> 16,25,[10/10]
10 -> 20,19,[8/10]
11 -> 13,[6/10]
12 -> 4,11,17,36,35,33,32,[17/10]
13 -> 0
14 -> 0
15 -> 0
16 -> 0
17 -> 0
18 -> 14,[4/8]
19 -> 0
20 -> 6,18,15,[11/8]
21 -> 0
22 -> 0
23 -> 0
24 -> 0
25 -> 0
26 -> 0
27 -> 0
28 -> 0
29 -> 0
30 -> 0
31 -> 0
32 -> 0
33 -> 0
34 -> 0
35 -> 0
36 -> 0
37 -> 0
38 -> 0
39 -> 0
40 -> 0
41 -> 0
42 -> 0
t=4
----------
1 -> 0
2 -> 11,26,1,[8/8]
3 -> 14,[4/12]
4 -> 32,31,[6/12]
5 -> 9,18,16,13,21,35,29,[26/12]
6 -> 0
7 -> 2,[6/12]
8 -> 7,[5/10]
9 -> 4,12,19,[11/10]
10 -> 15,36,[7/10]
11 -> 10,[4/10]
12 -> 8,5,6,20,25,33,[18/10]
13 -> 0
14 -> 0
15 -> 0
16 -> 0
17 -> 0
18 -> 34,[4/8]
19 -> 0
20 -> 17,[4/8]
21 -> 0
22 -> 0
23 -> 0
24 -> 0
25 -> 0
26 -> 0
27 -> 0
28 -> 0
29 -> 0
30 -> 0
31 -> 0
32 -> 0
33 -> 0
34 -> 0
35 -> 0
36 -> 0
37 -> 0
38 -> 0
39 -> 0
40 -> 0
41 -> 0
42 -> 0
t=5
----------
1 -> 0
2 -> 8,29,[5/8]
3 -> 7,13,19,[14/12]
4 -> 4,11,2,18,25,21,[16/12]
5 -> 5,10,12,35,[15/12]
6 -> 6,36,[10/12]
7 -> 20,32,[8/12]
8 -> 16,[7/10]
9 -> 31,[4/10]
10 -> 9,[4/10]
11 -> 14,[4/10]
12 -> 15,26,33,[10/10]
13 -> 0
14 -> 0
15 -> 0
16 -> 0
17 -> 0
18 -> 17,[4/8]
19 -> 0
20 -> 1,34,[6/8]
21 -> 0
22 -> 0
23 -> 0
24 -> 0
25 -> 0
26 -> 0
27 -> 0
28 -> 0
29 -> 0
30 -> 0
31 -> 0
32 -> 0
33 -> 0
34 -> 0
35 -> 0
36 -> 0
37 -> 0
38 -> 0
39 -> 0
40 -> 0
41 -> 0
42 -> 0
t=6
----------
1 -> 0
2 -> 15,[5/8]
3 -> 4,[4/12]
4 -> 6,7,26,35,[14/12]
5 -> 2,[6/12]
6 -> 25,1,[8/12]
7 -> 9,[6/12]
8 -> 19,21,34,31,[13/10]
9 -> 8,20,[5/10]
10 -> 11,[4/10]
11 -> 5,18,17,[10/10]
12 -> 16,[9/10]
13 -> 0
14 -> 0
15 -> 0
16 -> 0
17 -> 0
18 -> 10,13,36,[10/8]
19 -> 0
20 -> 12,14,33,29,32,[13/8]
21 -> 0
22 -> 0
23 -> 0
24 -> 0
25 -> 0
26 -> 0
27 -> 0
28 -> 0
29 -> 0
30 -> 0
31 -> 0
32 -> 0
33 -> 0
34 -> 0
35 -> 0
36 -> 0
37 -> 0
38 -> 0
39 -> 0
40 -> 0
41 -> 0
42 -> 0
La cantidad de yates anfitriones óptimos es: 1
Tiempo de ejecución: 2164.000000 [s]
