t=1
----------
1 -> 1,26,16,3,20,4,42,24,23,28,37,39,38,[147/6]
2 -> 11,30,[52/8]
3 -> 0
4 -> 0
5 -> 0
6 -> 0
7 -> 0
8 -> 0
9 -> 0
10 -> 0
11 -> 19,2,[40/10]
12 -> 7,[41/10]
13 -> 0
14 -> 0
15 -> 0
16 -> 8,41,[53/12]
17 -> 0
18 -> 6,[6/8]
19 -> 0
20 -> 0
21 -> 0
22 -> 0
23 -> 0
24 -> 0
25 -> 0
26 -> 34,12,9,5,40,[41/7]
27 -> 0
28 -> 0
29 -> 0
30 -> 0
31 -> 0
32 -> 0
33 -> 0
34 -> 10,27,[57/6]
35 -> 35,[32/6]
36 -> 0
37 -> 0
38 -> 0
39 -> 0
40 -> 0
41 -> 0
42 -> 0
t=2
----------
1 -> 0
2 -> 10,[4/8]
3 -> 4,7,25,19,32,[16/12]
4 -> 33,[4/12]
5 -> 16,26,[12/12]
6 -> 0
7 -> 18,[6/12]
8 -> 0
9 -> 11,20,17,13,[12/10]
10 -> 5,9,12,14,29,[15/10]
11 -> 8,[3/10]
12 -> 2,21,[9/10]
13 -> 0
14 -> 0
15 -> 0
16 -> 0
17 -> 0
18 -> 6,15,36,35,34,[15/8]
19 -> 0
20 -> 1,31,[6/8]
21 -> 0
22 -> 0
23 -> 0
24 -> 0
25 -> 0
26 -> 0
27 -> 0
28 -> 0
29 -> 0
30 -> 0
31 -> 0
32 -> 0
33 -> 0
34 -> 0
35 -> 0
36 -> 0
37 -> 0
38 -> 0
39 -> 0
40 -> 0
41 -> 0
42 -> 0
t=3
----------
1 -> 0
2 -> 33,[4/8]
3 -> 8,[3/12]
4 -> 12,34,[7/12]
5 -> 4,9,17,[10/12]
6 -> 19,31,[10/12]
7 -> 35,[6/12]
8 -> 5,13,21,[13/10]
9 -> 6,7,2,20,16,1,[22/10]
10 -> 10,18,[6/10]
11 -> 25,26,36,[8/10]
12 -> 15,29,[8/10]
13 -> 0
14 -> 0
15 -> 0
16 -> 0
17 -> 0
18 -> 0
19 -> 0
20 -> 11,14,32,[8/8]
21 -> 0
22 -> 0
23 -> 0
24 -> 0
25 -> 0
26 -> 0
27 -> 0
28 -> 0
29 -> 0
30 -> 0
31 -> 0
32 -> 0
33 -> 0
34 -> 0
35 -> 0
36 -> 0
37 -> 0
38 -> 0
39 -> 0
40 -> 0
41 -> 0
42 -> 0
t=4
----------
1 -> 0
2 -> 5,19,[10/8]
3 -> 34,[4/12]
4 -> 7,[6/12]
5 -> 11,[6/12]
6 -> 4,8,10,12,2,16,14,15,13,36,33,31,[35/12]
7 -> 0
8 -> 6,9,20,18,21,32,[17/10]
9 -> 0
10 -> 17,26,[6/10]
11 -> 1,[4/10]
12 -> 35,[5/10]
13 -> 0
14 -> 0
15 -> 0
16 -> 0
17 -> 0
18 -> 25,29,[6/8]
19 -> 0
20 -> 0
21 -> 0
22 -> 0
23 -> 0
24 -> 0
25 -> 0
26 -> 0
27 -> 0
28 -> 0
29 -> 0
30 -> 0
31 -> 0
32 -> 0
33 -> 0
34 -> 0
35 -> 0
36 -> 0
37 -> 0
38 -> 0
39 -> 0
40 -> 0
41 -> 0
42 -> 0
t=5
----------
1 -> 0
2 -> 11,2,[6/8]
3 -> 26,[4/12]
4 -> 16,35,[10/12]
5 -> 6,14,19,[14/12]
6 -> 29,[6/12]
7 -> 4,1,[8/12]
8 -> 17,36,[5/10]
9 -> 12,21,[9/10]
10 -> 33,32,[6/10]
11 -> 7,18,15,31,[13/10]
12 -> 10,[5/10]
13 -> 0
14 -> 0
15 -> 0
16 -> 0
17 -> 0
18 -> 9,13,[8/8]
19 -> 0
20 -> 8,5,20,25,34,[13/8]
21 -> 0
22 -> 0
23 -> 0
24 -> 0
25 -> 0
26 -> 0
27 -> 0
28 -> 0
29 -> 0
30 -> 0
31 -> 0
32 -> 0
33 -> 0
34 -> 0
35 -> 0
36 -> 0
37 -> 0
38 -> 0
39 -> 0
40 -> 0
41 -> 0
42 -> 0
t=6
----------
1 -> 0
2 -> 7,21,36,[12/8]
3 -> 0
4 -> 10,[4/12]
5 -> 20,15,33,[11/12]
6 -> 12,18,17,14,25,1,35,[19/12]
7 -> 0
8 -> 16,29,32,[11/10]
9 -> 34,[4/10]
10 -> 13,19,[10/10]
11 -> 9,2,[6/10]
12 -> 4,5,6,11,26,31,[19/10]
13 -> 0
14 -> 0
15 -> 0
16 -> 0
17 -> 0
18 -> 8,[3/8]
19 -> 0
20 -> 0
21 -> 0
22 -> 0
23 -> 0
24 -> 0
25 -> 0
26 -> 0
27 -> 0
28 -> 0
29 -> 0
30 -> 0
31 -> 0
32 -> 0
33 -> 0
34 -> 0
35 -> 0
36 -> 0
37 -> 0
38 -> 0
39 -> 0
40 -> 0
41 -> 0
42 -> 0
La cantidad de yates anfitriones óptimos es: 1
Tiempo de ejecución: 2189.000000 [s]
