t=1
----------
1 -> 0
2 -> 0
3 -> 7,22,28,[71/12]
4 -> 0
5 -> 20,31,[52/12]
6 -> 11,37,32,[51/12]
7 -> 0
8 -> 0
9 -> 16,27,42,39,29,[71/10]
10 -> 12,24,23,[54/10]
11 -> 0
12 -> 5,[54/10]
13 -> 0
14 -> 0
15 -> 0
16 -> 1,3,18,2,10,9,6,8,30,38,40,41,[87/12]
17 -> 0
18 -> 0
19 -> 0
20 -> 0
21 -> 0
22 -> 0
23 -> 0
24 -> 0
25 -> 0
26 -> 0
27 -> 0
28 -> 0
29 -> 0
30 -> 0
31 -> 0
32 -> 0
33 -> 0
34 -> 0
35 -> 0
36 -> 0
37 -> 0
38 -> 0
39 -> 0
40 -> 0
41 -> 0
42 -> 0
t=2
----------
1 -> 0
2 -> 29,32,[6/8]
3 -> 34,[4/12]
4 -> 33,[4/12]
5 -> 0
6 -> 7,9,13,[14/12]
7 -> 0
8 -> 19,[5/10]
9 -> 12,[5/10]
10 -> 8,5,6,11,2,14,26,36,31,[23/10]
11 -> 21,35,[8/10]
12 -> 20,1,[7/10]
13 -> 0
14 -> 0
15 -> 0
16 -> 0
17 -> 0
18 -> 4,10,18,17,16,15,25,[21/8]
19 -> 0
20 -> 0
21 -> 0
22 -> 0
23 -> 0
24 -> 0
25 -> 0
26 -> 0
27 -> 0
28 -> 0
29 -> 0
30 -> 0
31 -> 0
32 -> 0
33 -> 0
34 -> 0
35 -> 0
36 -> 0
37 -> 0
38 -> 0
39 -> 0
40 -> 0
41 -> 0
42 -> 0
t=3
----------
1 -> 0
2 -> 6,11,13,19,32,[18/8]
3 -> 17,14,[6/12]
4 -> 34,[4/12]
5 -> 4,36,35,[10/12]
6 -> 8,20,[7/12]
7 -> 7,12,2,18,25,21,[21/12]
8 -> 15,26,33,[8/10]
9 -> 0
10 -> 1,29,[6/10]
11 -> 9,16,31,[12/10]
12 -> 5,10,[9/10]
13 -> 0
14 -> 0
15 -> 0
16 -> 0
17 -> 0
18 -> 0
19 -> 0
20 -> 0
21 -> 0
22 -> 0
23 -> 0
24 -> 0
25 -> 0
26 -> 0
27 -> 0
28 -> 0
29 -> 0
30 -> 0
31 -> 0
32 -> 0
33 -> 0
34 -> 0
35 -> 0
36 -> 0
37 -> 0
38 -> 0
39 -> 0
40 -> 0
41 -> 0
42 -> 0
t=4
----------
1 -> 0
2 -> 12,31,[7/8]
3 -> 4,2,[6/12]
4 -> 0
5 -> 6,7,10,[14/12]
6 -> 5,18,26,1,35,34,32,[20/12]
7 -> 0
8 -> 0
9 -> 16,14,13,19,21,33,[24/10]
10 -> 17,[4/10]
11 -> 11,25,[6/10]
12 -> 36,29,[7/10]
13 -> 0
14 -> 0
15 -> 0
16 -> 0
17 -> 0
18 -> 20,[4/8]
19 -> 0
20 -> 8,9,15,[8/8]
21 -> 0
22 -> 0
23 -> 0
24 -> 0
25 -> 0
26 -> 0
27 -> 0
28 -> 0
29 -> 0
30 -> 0
31 -> 0
32 -> 0
33 -> 0
34 -> 0
35 -> 0
36 -> 0
37 -> 0
38 -> 0
39 -> 0
40 -> 0
41 -> 0
42 -> 0
t=5
----------
1 -> 0
2 -> 2,[4/8]
3 -> 9,10,20,18,19,36,[16/12]
4 -> 0
5 -> 25,26,29,[10/12]
6 -> 6,12,16,15,35,[22/12]
7 -> 5,13,[12/12]
8 -> 0
9 -> 4,8,7,17,1,33,32,31,[19/10]
10 -> 21,[6/10]
11 -> 14,34,[6/10]
12 -> 0
13 -> 0
14 -> 0
15 -> 0
16 -> 0
17 -> 0
18 -> 0
19 -> 0
20 -> 11,[4/8]
21 -> 0
22 -> 0
23 -> 0
24 -> 0
25 -> 0
26 -> 0
27 -> 0
28 -> 0
29 -> 0
30 -> 0
31 -> 0
32 -> 0
33 -> 0
34 -> 0
35 -> 0
36 -> 0
37 -> 0
38 -> 0
39 -> 0
40 -> 0
41 -> 0
42 -> 0
t=6
----------
1 -> 0
2 -> 20,14,25,32,[10/8]
3 -> 5,7,15,19,29,[19/12]
4 -> 21,31,[8/12]
5 -> 8,18,[7/12]
6 -> 17,[6/12]
7 -> 9,26,[8/12]
8 -> 11,16,[9/10]
9 -> 34,[4/10]
10 -> 4,[4/10]
11 -> 0
12 -> 6,[7/10]
13 -> 0
14 -> 0
15 -> 0
16 -> 0
17 -> 0
18 -> 12,13,1,36,[13/8]
19 -> 0
20 -> 10,2,35,33,[10/8]
21 -> 0
22 -> 0
23 -> 0
24 -> 0
25 -> 0
26 -> 0
27 -> 0
28 -> 0
29 -> 0
30 -> 0
31 -> 0
32 -> 0
33 -> 0
34 -> 0
35 -> 0
36 -> 0
37 -> 0
38 -> 0
39 -> 0
40 -> 0
41 -> 0
42 -> 0
La cantidad de yates anfitriones óptimos es: 1
Tiempo de ejecución: 2758.000000 [s]
